<?xml version="1.0" encoding="utf-8"?><testsuites name="pytest tests"><testsuite name="pytest" errors="0" failures="0" skipped="0" tests="44" time="4.830" timestamp="2026-07-29T05:12:51.096046+00:00" hostname="agent-env-0c2b6ec2-46d8-46b0-a4fe-96cf47296641"><testcase classname="tests.backend_test_phase4.TestCategories" name="test_default_seed" time="0.006" /><testcase classname="tests.backend_test_phase4.TestCategories" name="test_create_category_admin" time="0.585" /><testcase classname="tests.backend_test_phase5.TestBreakingScheduleCreate" name="test_live_no_schedule" time="0.879" /><testcase classname="tests.backend_test_phase4.TestCategories" name="test_duplicate_slug_rejected" time="0.044" /><testcase classname="tests.backend_test_phase4.TestCategories" name="test_non_admin_create_rejected" time="0.272" /><testcase classname="tests.backend_test_phase5.TestBreakingScheduleCreate" name="test_future_start_hidden_from_public" time="0.143" /><testcase classname="tests.backend_test_phase4.TestCategories" name="test_anon_create_rejected" time="0.002" /><testcase classname="tests.backend_test_phase4.TestCategories" name="test_update_category" time="0.046" /><testcase classname="tests.backend_test_phase4.TestCategories" name="test_delete_category_blocked_if_used" time="0.090" /><testcase classname="tests.backend_test_phase5.TestBreakingScheduleCreate" name="test_past_end_expired_hidden" time="0.127" /><testcase classname="tests.backend_test_phase4.TestCategories" name="test_delete_category_after_removing_article" time="0.088" /><testcase classname="tests.backend_test_phase4.TestSidebar" name="test_invalid_side_rejected" time="0.002" /><testcase classname="tests.backend_test_phase4.TestSidebar" name="test_left_returns_auto_topup" time="0.043" /><testcase classname="tests.backend_test_phase5.TestBreakingScheduleCreate" name="test_currently_within_window_visible" time="0.124" /><testcase classname="tests.backend_test_phase4.TestSidebar" name="test_curated_flow" time="0.218" /><testcase classname="tests.backend_test_phase5.TestBreakingScheduleCreate" name="test_end_before_start_rejected" time="0.040" /><testcase classname="tests.backend_test_phase5.TestBreakingScheduleCreate" name="test_end_equal_start_rejected" time="0.043" /><testcase classname="tests.backend_test_phase5.TestBreakingScheduleCreate" name="test_malformed_start_rejected" time="0.043" /><testcase classname="tests.backend_test_phase4.TestSidebar" name="test_non_admin_create_sidebar_rejected" time="0.003" /><testcase classname="tests.backend_test_phase5.TestBreakingScheduleCreate" name="test_malformed_end_rejected" time="0.216" /><testcase classname="tests.backend_test_phase4.TestSidebar" name="test_invalid_side_on_create" time="0.043" /><testcase classname="tests.backend_test_phase4.TestBreaking" name="test_public_default_active_only" time="0.132" /><testcase classname="tests.backend_test_phase4.TestBreaking" name="test_update_and_delete_breaking" time="0.309" /><testcase classname="tests.backend_test_phase4.TestLayouts" name="test_get_empty" time="0.004" /><testcase classname="tests.backend_test_phase4.TestLayouts" name="test_put_and_get" time="0.271" /><testcase classname="tests.backend_test_phase4.TestBreaking" name="test_missing_text_en_rejected" time="0.043" /><testcase classname="tests.backend_test_phase4.TestLayouts" name="test_key_mismatch" time="0.043" /><testcase classname="tests.backend_test_phase4.TestBreaking" name="test_non_admin_rejected" time="0.003" /><testcase classname="tests.backend_test_phase4.TestBackwardCompat" name="test_root" time="0.002" /><testcase classname="tests.backend_test_phase4.TestBackwardCompat" name="test_articles_list" time="0.264" /><testcase classname="tests.backend_test_phase4.TestLayouts" name="test_non_admin_put_rejected" time="0.269" /><testcase classname="tests.backend_test_phase4.TestBackwardCompat" name="test_auth_me" time="0.003" /><testcase classname="tests.backend_test_phase4.TestLayouts" name="test_delete_clears" time="0.046" /><testcase classname="tests.backend_test_phase5.TestBreakingScheduleUpdate" name="test_update_start_and_end" time="0.999" /><testcase classname="tests.backend_test_phase5.TestBreakingScheduleAuth" name="test_reader_create_rejected" time="0.882" /><testcase classname="tests.backend_test_phase5.TestBreakingScheduleAuth" name="test_anon_create_rejected" time="0.169" /><testcase classname="tests.backend_test_phase5.TestBreakingScheduleUpdate" name="test_clear_start_with_empty_string" time="0.246" /><testcase classname="tests.backend_test_phase5.TestBreakingScheduleAuth" name="test_reader_update_rejected" time="0.168" /><testcase classname="tests.backend_test_phase4.TestArticleCategoryValidation" name="test_reject_unknown_category" time="0.003" /><testcase classname="tests.backend_test_phase4.TestArticleCategoryValidation" name="test_new_category_then_article" time="0.178" /><testcase classname="tests.backend_test_phase5.TestBreakingScheduleUpdate" name="test_update_malformed_rejected" time="0.086" /><testcase classname="tests.backend_test_phase5.TestHealth" name="test_root" time="0.040" /><testcase classname="tests.backend_test_phase5.TestHealth" name="test_health_endpoints" time="0.559" /><testcase classname="tests.backend_test_phase5.TestBackwardCompat" name="test_legacy_item_still_live" time="0.697" /></testsuite></testsuites>