<?xml version="1.0" encoding="utf-8"?><testsuites name="pytest tests"><testsuite name="pytest" errors="0" failures="0" skipped="0" tests="27" time="2.191" timestamp="2026-07-29T04:34:11.287417+00:00" hostname="agent-env-0c2b6ec2-46d8-46b0-a4fe-96cf47296641"><testcase classname="tests.backend_test_phase4.TestSidebar" name="test_invalid_side_rejected" time="0.005" /><testcase classname="tests.backend_test_phase4.TestCategories" name="test_default_seed" time="0.007" /><testcase classname="tests.backend_test_phase4.TestSidebar" name="test_left_returns_auto_topup" time="0.043" /><testcase classname="tests.backend_test_phase4.TestCategories" name="test_create_category_admin" time="0.588" /><testcase classname="tests.backend_test_phase4.TestSidebar" name="test_curated_flow" time="0.904" /><testcase classname="tests.backend_test_phase4.TestCategories" name="test_duplicate_slug_rejected" time="0.044" /><testcase classname="tests.backend_test_phase4.TestCategories" name="test_non_admin_create_rejected" time="0.269" /><testcase classname="tests.backend_test_phase4.TestCategories" name="test_anon_create_rejected" time="0.002" /><testcase classname="tests.backend_test_phase4.TestCategories" name="test_update_category" time="0.046" /><testcase classname="tests.backend_test_phase4.TestCategories" name="test_delete_category_blocked_if_used" time="0.308" /><testcase classname="tests.backend_test_phase4.TestSidebar" name="test_non_admin_create_sidebar_rejected" time="0.270" /><testcase classname="tests.backend_test_phase4.TestSidebar" name="test_invalid_side_on_create" time="0.002" /><testcase classname="tests.backend_test_phase4.TestLayouts" name="test_get_empty" time="0.002" /><testcase classname="tests.backend_test_phase4.TestLayouts" name="test_put_and_get" time="0.045" /><testcase classname="tests.backend_test_phase4.TestCategories" name="test_delete_category_after_removing_article" time="0.089" /><testcase classname="tests.backend_test_phase4.TestLayouts" name="test_key_mismatch" time="0.043" /><testcase classname="tests.backend_test_phase4.TestLayouts" name="test_non_admin_put_rejected" time="0.003" /><testcase classname="tests.backend_test_phase4.TestLayouts" name="test_delete_clears" time="0.045" /><testcase classname="tests.backend_test_phase4.TestBreaking" name="test_public_default_active_only" time="0.134" /><testcase classname="tests.backend_test_phase4.TestBackwardCompat" name="test_root" time="0.044" /><testcase classname="tests.backend_test_phase4.TestBackwardCompat" name="test_articles_list" time="0.044" /><testcase classname="tests.backend_test_phase4.TestBackwardCompat" name="test_auth_me" time="0.003" /><testcase classname="tests.backend_test_phase4.TestArticleCategoryValidation" name="test_reject_unknown_category" time="0.043" /><testcase classname="tests.backend_test_phase4.TestBreaking" name="test_update_and_delete_breaking" time="0.089" /><testcase classname="tests.backend_test_phase4.TestArticleCategoryValidation" name="test_new_category_then_article" time="0.173" /><testcase classname="tests.backend_test_phase4.TestBreaking" name="test_missing_text_en_rejected" time="0.043" /><testcase classname="tests.backend_test_phase4.TestBreaking" name="test_non_admin_rejected" time="0.003" /></testsuite></testsuites>