<?xml version="1.0" encoding="utf-8"?><testsuites name="pytest tests"><testsuite name="pytest" errors="0" failures="0" skipped="0" tests="17" time="2.600" timestamp="2026-07-29T04:50:41.042896+00:00" hostname="agent-env-0c2b6ec2-46d8-46b0-a4fe-96cf47296641"><testcase classname="tests.backend_test_phase5.TestBreakingScheduleUpdate" name="test_update_start_and_end" time="0.816" /><testcase classname="tests.backend_test_phase5.TestBreakingScheduleCreate" name="test_live_no_schedule" time="0.760" /><testcase classname="tests.backend_test_phase5.TestBreakingScheduleCreate" name="test_future_start_hidden_from_public" time="0.183" /><testcase classname="tests.backend_test_phase5.TestBreakingScheduleUpdate" name="test_clear_start_with_empty_string" time="0.180" /><testcase classname="tests.backend_test_phase5.TestBreakingScheduleCreate" name="test_past_end_expired_hidden" time="0.222" /><testcase classname="tests.backend_test_phase5.TestBreakingScheduleUpdate" name="test_update_malformed_rejected" time="0.086" /><testcase classname="tests.backend_test_phase5.TestBreakingScheduleCreate" name="test_currently_within_window_visible" time="0.280" /><testcase classname="tests.backend_test_phase5.TestBreakingScheduleAuth" name="test_reader_create_rejected" time="0.442" /><testcase classname="tests.backend_test_phase5.TestBreakingScheduleCreate" name="test_end_before_start_rejected" time="0.048" /><testcase classname="tests.backend_test_phase5.TestBreakingScheduleCreate" name="test_end_equal_start_rejected" time="0.048" /><testcase classname="tests.backend_test_phase5.TestBreakingScheduleAuth" name="test_anon_create_rejected" time="0.045" /><testcase classname="tests.backend_test_phase5.TestBreakingScheduleCreate" name="test_malformed_start_rejected" time="0.044" /><testcase classname="tests.backend_test_phase5.TestBreakingScheduleAuth" name="test_reader_update_rejected" time="0.091" /><testcase classname="tests.backend_test_phase5.TestBreakingScheduleCreate" name="test_malformed_end_rejected" time="0.083" /><testcase classname="tests.backend_test_phase5.TestHealth" name="test_root" time="0.048" /><testcase classname="tests.backend_test_phase5.TestBackwardCompat" name="test_legacy_item_still_live" time="0.375" /><testcase classname="tests.backend_test_phase5.TestHealth" name="test_health_endpoints" time="0.411" /></testsuite></testsuites>